==============================================================================================
                                 Starting configs_auto_backup
==============================================================================================
==============================================================================================
                                             End
==============================================================================================
/home/ale/configs_bck
==============================================================================================
                                 Starting configs_auto_backup
==============================================================================================
89f30272a8fba4344b1ceb48c33bb3b3c9e70dab	HEAD
32a84b982124bcb8d75978274f6e2de7c58d037b	refs/heads/automatic
89f30272a8fba4344b1ceb48c33bb3b3c9e70dab	refs/heads/develop
89f30272a8fba4344b1ceb48c33bb3b3c9e70dab	refs/heads/master
----------------------------------------------------------------------------------------------
                                    git checkout automatic
----------------------------------------------------------------------------------------------
M	configs_auto_backup.log
M	configs_auto_backup.sh
----------------------------------------------------------------------------------------------
                                        git add --all
----------------------------------------------------------------------------------------------
----------------------------------------------------------------------------------------------
                                   git commit -am Automatic
----------------------------------------------------------------------------------------------
